This file contains any messages produced by compilers while
running configure, to aid debugging if configure makes a mistake.

configure:580: checking for a BSD compatible install
configure:633: checking whether make sets ${MAKE}
configure:662: checking for gcc
configure:775: checking whether the C compiler (gcc  ) works
configure:791: gcc -o conftest    conftest.c  1>&5
configure:817: checking whether the C compiler (gcc  ) is a cross-compiler
configure:822: checking whether we are using GNU C
configure:831: gcc -E conftest.c
configure:850: checking whether gcc accepts -g
configure:884: checking for ar
configure:932: checking whether /usr/bin/ar supports s flag
configure:982: checking that "gcc -g -O2" has enough ANSI in it
configure:1009: gcc -c -g -O2  conftest.c 1>&5
configure:1043: checking how to run the C preprocessor
configure:1064: gcc -E  conftest.c >/dev/null 2>conftest.out
configure:1123: checking if __USE_PROTOS is defined by pccts/config.h
In file included from configure:1126:
pccts/config.h:60:71: warning: backslash and newline separated by space
configure:1197: checking for Perl 5.004 or greater
configure:1237: checking compiler used to build Perl
configure:1268: checking various other Perl configuration parameters
configure:1280: checking if compiler used to build Perl has enough ANSI in it
configure:1307: cc -c -g -pipe -pipe -fno-common -DPERL_DARWIN -no-cpp-precomp -fno-strict-aliasing -I/usr/local/include  conftest.c 1>&5
configure:1331: checking for ushort when compiling XSUBs
configure:1358: cc -c -g -pipe -pipe -fno-common -DPERL_DARWIN -no-cpp-precomp -fno-strict-aliasing -I/usr/local/include -I/System/Library/Perl/5.8.1/darwin-thread-multi-2level/CORE  conftest.c 1>&5
configure:1384: checking for ANSI C header files
configure:1397: gcc -E  conftest.c >/dev/null 2>conftest.out
configure:1464: gcc -o conftest -g -O2 -W -Wall -Wpointer-arith -Wbad-function-cast -Wmissing-prototypes   conftest.c  1>&5
configure: In function `main':
configure:1459: warning: implicit declaration of function `exit'
configure:1491: checking for limits.h
configure:1501: gcc -E  conftest.c >/dev/null 2>conftest.out
configure:1529: checking for ushort in <sys/types.h>
configure:1546: gcc -c -g -O2 -W -Wall -Wpointer-arith -Wbad-function-cast -Wmissing-prototypes  conftest.c 1>&5
configure: In function `main':
configure:1541: warning: unused variable `i'
configure:1567: checking for boolean in <sys/types.h>
configure:1584: gcc -c -g -O2 -W -Wall -Wpointer-arith -Wbad-function-cast -Wmissing-prototypes  conftest.c 1>&5
configure: In function `main':
configure:1579: error: `boolean' undeclared (first use in this function)
configure:1579: error: (Each undeclared identifier is reported only once
configure:1579: error: for each function it appears in.)
configure:1579: error: parse error before "f"
configure: failed program was:
#line 1573 "configure"
#include "confdefs.h"

#include <sys/types.h>

int main() {

boolean f;

; return 0; }
configure:1605: checking for strdup declaration in <string.h>
configure:1631: checking for working const
configure:1685: gcc -c -g -O2 -W -Wall -Wpointer-arith -Wbad-function-cast -Wmissing-prototypes  conftest.c 1>&5
configure: In function `main':
configure:1659: warning: unused variable `s'
configure:1679: warning: unused variable `foo'
configure:1641: warning: unused variable `x'
configure:1647: warning: unused variable `zero'
configure:1658: warning: `t' might be used uninitialized in this function
configure:1676: warning: `b' might be used uninitialized in this function
configure:1709: checking for working alloca.h
configure:1721: gcc -o conftest -g -O2 -W -Wall -Wpointer-arith -Wbad-function-cast -Wmissing-prototypes   conftest.c  1>&5
configure: In function `main':
configure:1717: warning: unused variable `p'
configure:1742: checking for alloca
configure:1775: gcc -o conftest -g -O2 -W -Wall -Wpointer-arith -Wbad-function-cast -Wmissing-prototypes   conftest.c  1>&5
configure: In function `main':
configure:1771: warning: unused variable `p'
configure:1941: checking for vprintf
configure:1969: gcc -o conftest -g -O2 -W -Wall -Wpointer-arith -Wbad-function-cast -Wmissing-prototypes   conftest.c  1>&5
configure:1953: warning: conflicting types for built-in function `vprintf'
configure:2048: checking for strdup
configure:2076: gcc -o conftest -g -O2 -W -Wall -Wpointer-arith -Wbad-function-cast -Wmissing-prototypes   conftest.c  1>&5
configure:2048: checking for strlwr
configure:2076: gcc -o conftest -g -O2 -W -Wall -Wpointer-arith -Wbad-function-cast -Wmissing-prototypes   conftest.c  1>&5
ld: Undefined symbols:
_strlwr
configure: failed program was:
#line 2053 "configure"
#include "confdefs.h"
/* System header to define __stub macros and hopefully few prototypes,
    which can conflict with char strlwr(); below.  */
#include <assert.h>
/* Override any gcc2 internal prototype to avoid an error.  */
/* We use char because int might match the return type of a gcc2
    builtin and then its argument prototype would still apply.  */
char strlwr();

int main() {

/* The GNU C library defines this for functions which it implements
    to always fail with ENOSYS.  Some functions are actually named
    something starting with __ and the normal name is an alias.  */
#if defined (__stub_strlwr) || defined (__stub___strlwr)
choke me
#else
strlwr();
#endif

; return 0; }
configure:2048: checking for strupr
configure:2076: gcc -o conftest -g -O2 -W -Wall -Wpointer-arith -Wbad-function-cast -Wmissing-prototypes   conftest.c  1>&5
ld: Undefined symbols:
_strupr
configure: failed program was:
#line 2053 "configure"
#include "confdefs.h"
/* System header to define __stub macros and hopefully few prototypes,
    which can conflict with char strupr(); below.  */
#include <assert.h>
/* Override any gcc2 internal prototype to avoid an error.  */
/* We use char because int might match the return type of a gcc2
    builtin and then its argument prototype would still apply.  */
char strupr();

int main() {

/* The GNU C library defines this for functions which it implements
    to always fail with ENOSYS.  Some functions are actually named
    something starting with __ and the normal name is an alias.  */
#if defined (__stub_strupr) || defined (__stub___strupr)
choke me
#else
strupr();
#endif

; return 0; }
configure:2048: checking for vsnprintf
configure:2076: gcc -o conftest -g -O2 -W -Wall -Wpointer-arith -Wbad-function-cast -Wmissing-prototypes   conftest.c  1>&5
configure:2060: warning: conflicting types for built-in function `vsnprintf'
configure:2104: checking that sprintf returns number of characters printed
configure:2127: gcc -o conftest -g -O2 -W -Wall -Wpointer-arith -Wbad-function-cast -Wmissing-prototypes   conftest.c  1>&5
configure: In function `main':
configure:2120: warning: implicit declaration of function `sprintf'
configure:2121: warning: implicit declaration of function `strlen'
configure:2122: warning: implicit declaration of function `exit'
configure:2152: checking for getopt_long_only
configure:2180: gcc -o conftest -g -O2 -W -Wall -Wpointer-arith -Wbad-function-cast -Wmissing-prototypes   conftest.c  1>&5
ld: Undefined symbols:
_getopt_long_only
configure: failed program was:
#line 2157 "configure"
#include "confdefs.h"
/* System header to define __stub macros and hopefully few prototypes,
    which can conflict with char getopt_long_only(); below.  */
#include <assert.h>
/* Override any gcc2 internal prototype to avoid an error.  */
/* We use char because int might match the return type of a gcc2
    builtin and then its argument prototype would still apply.  */
char getopt_long_only();

int main() {

/* The GNU C library defines this for functions which it implements
    to always fail with ENOSYS.  Some functions are actually named
    something starting with __ and the normal name is an alias.  */
#if defined (__stub_getopt_long_only) || defined (__stub___getopt_long_only)
choke me
#else
getopt_long_only();
#endif

; return 0; }
