This is pdfTeX, Version 3.14159-1.00a-pretest-20010806 (Web2C 7.3.3.1) (format=pdflatex 2002.1.27)  7 JUN 2002 14:48
**BibDesk-Manual.tex
(./BibDesk-Manual.tex{/usr/local/teTeX/share/texmf.local/pdftex/config/pdftex.c
fg}
LaTeX2e <2001/06/01>
Babel <v3.7h> and hyphenation patterns for american, french, german, ngerman, s
panish, nohyphenation, loaded.
(/usr/local/teTeX/share/texmf/tex/latex/base/book.cls
Document Class: book 2001/04/21 v1.4e Standard LaTeX document class
(/usr/local/teTeX/share/texmf/tex/latex/base/bk11.clo
File: bk11.clo 2001/04/21 v1.4e Standard LaTeX file (size option)
)
\c@part=\count79
\c@chapter=\count80
\c@section=\count81
\c@subsection=\count82
\c@subsubsection=\count83
\c@paragraph=\count84
\c@subparagraph=\count85
\c@figure=\count86
\c@table=\count87
\abovecaptionskip=\skip41
\belowcaptionskip=\skip42
\bibindent=\dimen102
)
(/usr/local/teTeX/share/texmf/tex/latex/graphics/graphicx.sty
Package: graphicx 1999/02/16 v1.0f Enhanced LaTeX Graphics (DPC,SPQR)

(/usr/local/teTeX/share/texmf/tex/latex/graphics/keyval.sty
Package: keyval 1999/03/16 v1.13 key=value parser (DPC)
\KV@toks@=\toks14
)
(/usr/local/teTeX/share/texmf/tex/latex/graphics/graphics.sty
Package: graphics 2001/07/07 v1.0n Standard LaTeX Graphics (DPC,SPQR)

(/usr/local/teTeX/share/texmf/tex/latex/graphics/trig.sty
Package: trig 1999/03/16 v1.09 sin cos tan (DPC)
)
(/usr/local/teTeX/share/texmf/tex/latex/config/graphics.cfg
File: graphics.cfg 2001/08/31 v1.1 graphics configuration of teTeX/TeXLive
)
Package graphics Info: Driver file: pdftex.def on input line 80.

(/usr/local/teTeX/share/texmf/tex/latex/graphics/pdftex.def
File: pdftex.def 2001/11/29 v0.03i graphics/color for pdftex
\Gread@gobject=\count88
))
\Gin@req@height=\dimen103
\Gin@req@width=\dimen104
)
(/usr/local/teTeX/share/texmf/tex/latex/base/makeidx.sty
Package: makeidx 2000/03/29 v1.0m Standard LaTeX package
)
\@indexfile=\write3
\openout3 = `BibDesk-Manual.idx'.


Writing index file BibDesk-Manual.idx
(./BibDesk-Manual.aux)
\openout1 = `BibDesk-Manual.aux'.

LaTeX Font Info:    Checking defaults for OML/cmm/m/it on input line 33.
LaTeX Font Info:    ... okay on input line 33.
LaTeX Font Info:    Checking defaults for T1/cmr/m/n on input line 33.
LaTeX Font Info:    ... okay on input line 33.
LaTeX Font Info:    Checking defaults for OT1/cmr/m/n on input line 33.
LaTeX Font Info:    ... okay on input line 33.
LaTeX Font Info:    Checking defaults for OMS/cmsy/m/n on input line 33.
LaTeX Font Info:    ... okay on input line 33.
LaTeX Font Info:    Checking defaults for OMX/cmex/m/n on input line 33.
LaTeX Font Info:    ... okay on input line 33.
LaTeX Font Info:    Checking defaults for U/cmr/m/n on input line 33.
LaTeX Font Info:    ... okay on input line 33.

(/usr/local/teTeX/share/texmf/tex/context/base/supp-pdf.tex
(/usr/local/teTeX/share/texmf/tex/context/base/supp-mis.tex
loading : Context Support Macros / Missing
\protectiondepth=\count89
\scratchcounter=\count90
\scratchtoks=\toks15
\scratchdimen=\dimen105
\scratchskip=\skip43
\scratchmuskip=\muskip10
\scratchbox=\box26
\scratchread=\read1
\scratchwrite=\write4
\zeropoint=\dimen106
\nextbox=\box27
\nextdepth=\dimen107
\everyline=\toks16
\!!counta=\count91
\!!countb=\count92
\recursecounter=\count93
)
loading : Context Support Macros / PDF
\nofMPsegments=\count94
\nofMParguments=\count95
\everyMPtoPDFconversion=\toks17
)
LaTeX Font Info:    External font `cmex10' loaded for size
(Font)              <12> on input line 41.
LaTeX Font Info:    External font `cmex10' loaded for size
(Font)              <8> on input line 41.
LaTeX Font Info:    External font `cmex10' loaded for size
(Font)              <6> on input line 41.
 [1


{/usr/local/teTeX/share/texmf/dvips/config/pdftex.map}{/usr/local/teTeX/share/t
exmf.os/dvips/config/Ttbbold.map}{/usr/local/teTeX/share/texmf.os/dvips/config/
wolfram.map}]
Overfull \vbox (7.05666pt too high) has occurred while \output is active []


[2

] (./BibDesk-Manual.toc
LaTeX Font Info:    External font `cmex10' loaded for size
(Font)              <10.95> on input line 7.
)
\tf@toc=\write5
\openout5 = `BibDesk-Manual.toc'.

 [3]
Overfull \vbox (7.48248pt too high) has occurred while \output is active []


[4

] (./BibDesk-Manual.lof)
\tf@lof=\write6
\openout6 = `BibDesk-Manual.lof'.

 [5]
Overfull \vbox (7.48248pt too high) has occurred while \output is active []


[6

]
Chapter 1.
[7]
Overfull \vbox (7.48248pt too high) has occurred while \output is active []


[8

]
Chapter 2.
[9]
Overfull \vbox (7.48248pt too high) has occurred while \output is active []


[10

]
Chapter 3.
[11]
Overfull \vbox (7.60416pt too high) has occurred while \output is active []


[12

]
Chapter 4.
[13]
Overfull \vbox (7.48248pt too high) has occurred while \output is active []


[14

]
Chapter 5.
[15]
Overfull \vbox (7.48248pt too high) has occurred while \output is active []


[16

]
Chapter 6.
[17]
Overfull \vbox (7.48248pt too high) has occurred while \output is active []


[18

]
Chapter 7.
<images/pref_Startup.pdf, id=76, 623.32875pt x 281.05pt>
File: images/pref_Startup.pdf Graphic file (type pdf)

<use images/pref_Startup.pdf> [19 <./images/pref_Startup.pdf>]
Overfull \vbox (7.48248pt too high) has occurred while \output is active []


[20

]
Appendix A.
[21]
Overfull \vbox (7.48248pt too high) has occurred while \output is active []


[22

]
Appendix B.
(./BibDesk-Manual.ind) [23] (./BibDesk-Manual.aux) ) 
Here is how much of TeX's memory you used:
 915 strings out of 10425
 11293 string characters out of 64471
 57033 words of memory out of 263001
 3942 multiletter control sequences out of 10000+0
 10069 words of font info for 35 fonts, out of 400000 for 1000
 14 hyphenation exceptions out of 1000
 25i,6n,21p,209b,242s stack positions out of 300i,100n,500p,50000b,4000s
</usr/local/teTeX/share/tex
mf/fonts/type1/bluesky/cm/cmsl10.pfb></usr/local/teTeX/share/texmf/fonts/type1/
bluesky/cm/cmbx10.pfb></usr/local/teTeX/share/texmf/fonts/type1/bluesky/cm/cmbx
12.pfb></usr/local/teTeX/share/texmf/fonts/type1/bluesky/cm/cmr10.pfb></usr/loc
al/teTeX/share/texmf/fonts/type1/bluesky/cm/cmr12.pfb></usr/local/teTeX/share/t
exmf/fonts/type1/bluesky/cm/cmr17.pfb>
Output written on BibDesk-Manual.pdf (23 pages, 99564 bytes).
